Oct-09 10:07:51.918 [main] DEBUG nextflow.cli.Launcher - $> nextflow main.nf
Oct-09 10:07:52.008 [main] INFO  nextflow.cli.CmdRun - N E X T F L O W  ~  version 23.10.0
Oct-09 10:07:52.026 [main] DEBUG nextflow.plugin.PluginsFacade - Setting up plugin manager > mode=prod; embedded=false; plugins-dir=/home/maikenaegele/.nextflow/plugins; core-plugins: nf-amazon@2.1.4,nf-azure@1.3.2,nf-cloudcache@0.3.0,nf-codecommit@0.1.5,nf-console@1.0.6,nf-ga4gh@1.1.0,nf-google@1.8.3,nf-tower@1.6.3,nf-wave@1.0.0
Oct-09 10:07:52.037 [main] INFO  o.pf4j.DefaultPluginStatusProvider - Enabled plugins: []
Oct-09 10:07:52.038 [main] INFO  o.pf4j.DefaultPluginStatusProvider - Disabled plugins: []
Oct-09 10:07:52.041 [main] INFO  org.pf4j.DefaultPluginManager - PF4J version 3.4.1 in 'deployment' mode
Oct-09 10:07:52.049 [main] INFO  org.pf4j.AbstractPluginManager - No plugins
Oct-09 10:07:52.121 [main] DEBUG nextflow.cli.CmdRun - Applied DSL=2 from script declararion
Oct-09 10:07:52.136 [main] INFO  nextflow.cli.CmdRun - Launching `main.nf` [zen_poisson] DSL2 - revision: 7abae10b75
Oct-09 10:07:52.137 [main] DEBUG nextflow.plugin.PluginsFacade - Plugins default=[]
Oct-09 10:07:52.137 [main] DEBUG nextflow.plugin.PluginsFacade - Plugins resolved requirement=[]
Oct-09 10:07:52.146 [main] DEBUG n.secret.LocalSecretsProvider - Secrets store: /home/maikenaegele/.nextflow/secrets/store.json
Oct-09 10:07:52.151 [main] DEBUG nextflow.secret.SecretsLoader - Discovered secrets providers: [nextflow.secret.LocalSecretsProvider@28348c6] - activable => nextflow.secret.LocalSecretsProvider@28348c6
Oct-09 10:07:52.210 [main] DEBUG nextflow.Session - Session UUID: 89122505-ed5c-4436-bd54-ea178efd2476
Oct-09 10:07:52.211 [main] DEBUG nextflow.Session - Run name: zen_poisson
Oct-09 10:07:52.212 [main] DEBUG nextflow.Session - Executor pool size: 8
Oct-09 10:07:52.219 [main] DEBUG nextflow.file.FilePorter - File porter settings maxRetries=3; maxTransfers=50; pollTimeout=null
Oct-09 10:07:52.222 [main] DEBUG nextflow.util.ThreadPoolBuilder - Creating thread pool 'FileTransfer' minSize=10; maxSize=24; workQueue=LinkedBlockingQueue[10000]; allowCoreThreadTimeout=false
Oct-09 10:07:52.247 [main] DEBUG nextflow.cli.CmdRun - 
  Version: 23.10.0 build 5889
  Created: 15-10-2023 15:07 UTC (17:07 CEST)
  System: Linux 5.15.153.1-microsoft-standard-WSL2
  Runtime: Groovy 3.0.19 on OpenJDK 64-Bit Server VM 11.0.13+7-b1751.21
  Encoding: UTF-8 (UTF-8)
  Process: 30697@MaikeLaptop [127.0.1.1]
  CPUs: 8 - Mem: 7.7 GB (5.5 GB) - Swap: 2 GB (2 GB)
Oct-09 10:07:52.265 [main] DEBUG nextflow.file.FileHelper - Can't check if specified path is NFS (1): /home/maikenaegele/Computational Workflow/comp_work_project/nf-core/modules/trimgalore/work

Oct-09 10:07:52.265 [main] DEBUG nextflow.Session - Work-dir: /home/maikenaegele/Computational Workflow/comp_work_project/nf-core/modules/trimgalore/work [null]
Oct-09 10:07:52.265 [main] DEBUG nextflow.Session - Script base path does not exist or is not a directory: /home/maikenaegele/Computational Workflow/comp_work_project/nf-core/modules/trimgalore/bin
Oct-09 10:07:52.274 [main] DEBUG nextflow.executor.ExecutorFactory - Extension executors providers=[]
Oct-09 10:07:52.283 [main] DEBUG nextflow.Session - Observer factory: DefaultObserverFactory
Oct-09 10:07:52.304 [main] DEBUG nextflow.cache.CacheFactory - Using Nextflow cache factory: nextflow.cache.DefaultCacheFactory
Oct-09 10:07:52.313 [main] DEBUG nextflow.util.CustomThreadPool - Creating default thread pool > poolSize: 9; maxThreads: 1000
Oct-09 10:07:52.384 [main] DEBUG nextflow.Session - Session start
Oct-09 10:07:53.075 [main] DEBUG nextflow.script.ScriptRunner - > Launching execution
Oct-09 10:07:53.281 [main] DEBUG nextflow.executor.ExecutorFactory - << taskConfig executor: null
Oct-09 10:07:53.281 [main] DEBUG nextflow.executor.ExecutorFactory - >> processorType: 'local'
Oct-09 10:07:53.288 [main] DEBUG nextflow.executor.Executor - [warm up] executor > local
Oct-09 10:07:53.293 [main] DEBUG n.processor.LocalPollingMonitor - Creating local task monitor for executor 'local' > cpus=8; memory=7.7 GB; capacity=8; pollInterval=100ms; dumpInterval=5m
Oct-09 10:07:53.296 [main] DEBUG n.processor.TaskPollingMonitor - >>> barrier register (monitor: local)
Oct-09 10:07:53.362 [main] DEBUG nextflow.Session - Workflow process names [dsl2]: TRIMMING
Oct-09 10:07:53.362 [main] DEBUG nextflow.Session - Igniting dataflow network (2)
Oct-09 10:07:53.367 [main] DEBUG nextflow.processor.TaskProcessor - Starting process > TRIMMING
Oct-09 10:07:53.368 [main] DEBUG nextflow.script.ScriptRunner - Parsed script files:
  Script_b00cfd175323ec21: /home/maikenaegele/Computational Workflow/comp_work_project/nf-core/modules/trimgalore/main.nf
Oct-09 10:07:53.369 [main] DEBUG nextflow.script.ScriptRunner - > Awaiting termination 
Oct-09 10:07:53.370 [main] DEBUG nextflow.Session - Session await
Oct-09 10:07:53.557 [Task submitter] DEBUG n.executor.local.LocalTaskHandler - Launch cmd line: /bin/bash -ue .command.run
Oct-09 10:07:53.561 [Task submitter] INFO  nextflow.Session - [5c/032969] Submitted process > TRIMMING (1)
Oct-09 10:07:56.906 [Task monitor] DEBUG n.processor.TaskPollingMonitor - Task completed > TaskHandler[id: 1; name: TRIMMING (1); status: COMPLETED; exit: 0; error: -; workDir: /home/maikenaegele/Computational Workflow/comp_work_project/nf-core/modules/trimgalore/work/5c/0329694fb73ad6b78bdd50f91c27b6]
Oct-09 10:07:56.937 [Task monitor] DEBUG nextflow.util.ThreadPoolBuilder - Creating thread pool 'PublishDir' minSize=10; maxSize=24; workQueue=LinkedBlockingQueue[10000]; allowCoreThreadTimeout=false
Oct-09 10:07:56.944 [main] DEBUG nextflow.Session - Session await > all processes finished
Oct-09 10:07:56.945 [Task monitor] DEBUG n.processor.TaskPollingMonitor - <<< barrier arrives (monitor: local) - terminating tasks monitor poll loop
Oct-09 10:07:56.945 [main] DEBUG nextflow.Session - Session await > all barriers passed
Oct-09 10:07:56.949 [main] DEBUG nextflow.util.ThreadPoolManager - Thread pool 'PublishDir' shutdown completed (hard=false)
Oct-09 10:07:56.959 [main] DEBUG n.trace.WorkflowStatsObserver - Workflow completed > WorkflowStats[succeededCount=1; failedCount=0; ignoredCount=0; cachedCount=0; pendingCount=0; submittedCount=0; runningCount=0; retriesCount=0; abortedCount=0; succeedDuration=3.3s; failedDuration=0ms; cachedDuration=0ms;loadCpus=0; loadMemory=0; peakRunning=1; peakCpus=1; peakMemory=0; ]
Oct-09 10:07:57.034 [main] DEBUG nextflow.cache.CacheDB - Closing CacheDB done
Oct-09 10:07:57.046 [main] DEBUG nextflow.util.ThreadPoolManager - Thread pool 'FileTransfer' shutdown completed (hard=false)
Oct-09 10:07:57.047 [main] DEBUG nextflow.script.ScriptRunner - > Execution complete -- Goodbye
