STAR version=2.7.11b
STAR compilation time,server,dir=2024-07-03T14:39:20+0000 :/opt/conda/conda-bld/star_1720017372352/work/source
##### Command Line:
/usr/local/bin/STAR-avx2 --genomeDir ./data/genome.fa --readFilesCommand "gzip -d -c -f" --readFilesIn SRR6357070_1.fastq.gz SRR6357070_2.fastq.gz --outSAMmode Full --outSAMattributes Standard --outSAMunmapped None --outReadsUnmapped Fastx --outFilterMismatchNoverLmax 0.02 --runThreadN params.cpus
##### Initial USER parameters from Command Line:
###### All USER parameters from Command Line:
genomeDir                     ./data/genome.fa     ~RE-DEFINED
readFilesCommand              "gzip -d -c -f"        ~RE-DEFINED
readFilesIn                   SRR6357070_1.fastq.gz   SRR6357070_2.fastq.gz        ~RE-DEFINED
outSAMmode                    Full     ~RE-DEFINED
outSAMattributes              Standard        ~RE-DEFINED
outSAMunmapped                None        ~RE-DEFINED
outReadsUnmapped              Fastx     ~RE-DEFINED
outFilterMismatchNoverLmax    0.02     ~RE-DEFINED
runThreadN                    0     ~RE-DEFINED
##### Finished reading parameters from all sources

##### Final user re-defined parameters-----------------:
runThreadN                        0
genomeDir                         ./data/genome.fa
readFilesIn                       SRR6357070_1.fastq.gz   SRR6357070_2.fastq.gz   
readFilesCommand                  "gzip -d -c -f"   
outReadsUnmapped                  Fastx
outSAMmode                        Full
outSAMattributes                  Standard   
outSAMunmapped                    None   
outFilterMismatchNoverLmax        0.02

-------------------------------
##### Final effective command line:
/usr/local/bin/STAR-avx2   --runThreadN 0   --genomeDir ./data/genome.fa   --readFilesIn SRR6357070_1.fastq.gz   SRR6357070_2.fastq.gz      --readFilesCommand "gzip -d -c -f"      --outReadsUnmapped Fastx   --outSAMmode Full   --outSAMattributes Standard      --outSAMunmapped None      --outFilterMismatchNoverLmax 0.02
----------------------------------------


EXITING: fatal input ERROR: runThreadN must be >0, user-defined runThreadN=0

Oct 09 09:19:58 ...... FATAL ERROR, exiting
