Settings:
  Output files: "hisat_build.*.ht2"
  Line rate: 6 (line is 64 bytes)
  Lines per side: 1 (side is 64 bytes)
  Offset rate: 4 (one in 16)
  FTable chars: 10
  Strings: unpacked
  Local offset rate: 3 (one in 8)
  Local fTable chars: 6
  Local sequence length: 57344
  Local sequence overlap between two consecutive indexes: 1024
  Endianness: little
  Actual local endianness: little
  Sanity checking: disabled
  Assertions: disabled
  Random seed: 0
  Sizeofs: void*:8, int:4, long:8, size_t:8
Input files DNA, FASTA:
  genome.fa
Reading reference sizes
  Time reading reference sizes: 00:00:00
Calculating joined length
Writing header
Reserving space for joined string
Joining reference sequences
  Time to join reference sequences: 00:00:00
  Time to read SNPs and splice sites: 00:00:00
Using parameters --bmax 43166 --dcv 1024
  Doing ahead-of-time memory usage test
  Passed!  Constructing with these parameters: --bmax 43166 --dcv 1024
Constructing suffix-array element generator
Converting suffix-array elements to index image
Allocating ftab, absorbFtab
Entering GFM loop
Exited GFM loop
fchr[A]: 0
fchr[C]: 69836
fchr[G]: 114477
fchr[T]: 160243
fchr[$]: 230218
Exiting GFM::buildToDisk()
Returning from initFromVector
Wrote 4271287 bytes to primary GFM file: hisat_build.1.ht2
Wrote 57560 bytes to secondary GFM file: hisat_build.2.ht2
Re-opening _in1 and _in2 as input streams
Returning from GFM constructor
Returning from initFromVector
Wrote 108613 bytes to primary GFM file: hisat_build.5.ht2
Wrote 58592 bytes to secondary GFM file: hisat_build.6.ht2
Re-opening _in5 and _in5 as input streams
Returning from HGFM constructor
Headers:
    len: 230218
    gbwtLen: 230219
    nodes: 230219
    sz: 57555
    gbwtSz: 57555
    lineRate: 6
    offRate: 4
    offMask: 0xfffffff0
    ftabChars: 10
    eftabLen: 0
    eftabSz: 0
    ftabLen: 1048577
    ftabSz: 4194308
    offsLen: 14389
    offsSz: 57556
    lineSz: 64
    sideSz: 64
    sideGbwtSz: 48
    sideGbwtLen: 192
    numSides: 1200
    numLines: 1200
    gbwtTotLen: 76800
    gbwtTotSz: 76800
    reverse: 0
    linearFM: Yes
Total time for call to driver() for forward index: 00:00:00
