lrwxrwxrwx    1 default  default         81 Oct 12 13:23 genome.fa -> /home/maikenaegele/ComputationalWorkflow/comp_work_project/nf-core/data/genome.fa
Settings:
  Output files: "hisat_build.*.ht2"
  Line rate: 6 (line is 64 bytes)
  Lines per side: 1 (side is 64 bytes)
  Offset rate: 4 (one in 16)
  FTable chars: 10
  Strings: unpacked
  Local offset rate: 3 (one in 8)
  Local fTable chars: 6
  Local sequence length: 57344
  Local sequence overlap between two consecutive indexes: 1024
  Endianness: little
  Actual local endianness: little
  Sanity checking: disabled
  Assertions: disabled
  Random seed: 0
  Sizeofs: void*:8, int:4, long:8, size_t:8
Input files DNA, FASTA:
  genome.fa
Reading reference sizes
  Time reading reference sizes: 00:00:00
Calculating joined length
Writing header
Reserving space for joined string
Joining reference sequences
  Time to join reference sequences: 00:00:00
  Time to read SNPs and splice sites: 00:00:00
Using parameters --bmax 43166 --dcv 1024
  Doing ahead-of-time memory usage test
  Passed!  Constructing with these parameters: --bmax 43166 --dcv 1024
Constructing suffix-array element generator
Building DifferenceCoverSample
  Building sPrime
  Building sPrimeOrder
  V-Sorting samples
  V-Sorting samples time: 00:00:00
  Allocating rank array
  Ranking v-sort output
  Ranking v-sort output time: 00:00:00
  Invoking Larsson-Sadakane on ranks
  Invoking Larsson-Sadakane on ranks time: 00:00:00
  Sanity-checking and returning
Building samples
Reserving space for 12 sample suffixes
Generating random suffixes
QSorting 12 sample offsets, eliminating duplicates
QSorting sample offsets, eliminating duplicates time: 00:00:00
Multikey QSorting 12 samples
  (Using difference cover)
  Multikey QSorting samples time: 00:00:00
Calculating bucket sizes
Splitting and merging
  Splitting and merging time: 00:00:00
Split 1, merged 7; iterating...
Splitting and merging
  Splitting and merging time: 00:00:00
Split 1, merged 1; iterating...
Splitting and merging
  Splitting and merging time: 00:00:00
Avg bucket size: 38368.8 (target: 43165)
Converting suffix-array elements to index image
Allocating ftab, absorbFtab
Entering GFM loop
Getting block 1 of 6
  Reserving size (43166) for bucket 1
  Calculating Z arrays for bucket 1
  Entering block accumulator loop for bucket 1:
  bucket 1: 10%
  bucket 1: 20%
  bucket 1: 30%
  bucket 1: 40%
  bucket 1: 50%
  bucket 1: 60%
  bucket 1: 70%
  bucket 1: 80%
  bucket 1: 90%
  bucket 1: 100%
  Sorting block of length 41423 for bucket 1
  (Using difference cover)
  Sorting block time: 00:00:00
Returning block of 41424 for bucket 1
Getting block 2 of 6
  Reserving size (43166) for bucket 2
  Calculating Z arrays for bucket 2
  Entering block accumulator loop for bucket 2:
  bucket 2: 10%
  bucket 2: 20%
  bucket 2: 30%
  bucket 2: 40%
  bucket 2: 50%
  bucket 2: 60%
  bucket 2: 70%
  bucket 2: 80%
  bucket 2: 90%
  bucket 2: 100%
  Sorting block of length 38541 for bucket 2
  (Using difference cover)
  Sorting block time: 00:00:00
Returning block of 38542 for bucket 2
Getting block 3 of 6
  Reserving size (43166) for bucket 3
  Calculating Z arrays for bucket 3
  Entering block accumulator loop for bucket 3:
  bucket 3: 10%
  bucket 3: 20%
  bucket 3: 30%
  bucket 3: 40%
  bucket 3: 50%
  bucket 3: 60%
  bucket 3: 70%
  bucket 3: 80%
  bucket 3: 90%
  bucket 3: 100%
  Sorting block of length 32931 for bucket 3
  (Using difference cover)
  Sorting block time: 00:00:00
Returning block of 32932 for bucket 3
Getting block 4 of 6
  Reserving size (43166) for bucket 4
  Calculating Z arrays for bucket 4
  Entering block accumulator loop for bucket 4:
  bucket 4: 10%
  bucket 4: 20%
  bucket 4: 30%
  bucket 4: 40%
  bucket 4: 50%
  bucket 4: 60%
  bucket 4: 70%
  bucket 4: 80%
  bucket 4: 90%
  bucket 4: 100%
  Sorting block of length 42145 for bucket 4
  (Using difference cover)
  Sorting block time: 00:00:00
Returning block of 42146 for bucket 4
Getting block 5 of 6
  Reserving size (43166) for bucket 5
  Calculating Z arrays for bucket 5
  Entering block accumulator loop for bucket 5:
  bucket 5: 10%
  bucket 5: 20%
  bucket 5: 30%
  bucket 5: 40%
  bucket 5: 50%
  bucket 5: 60%
  bucket 5: 70%
  bucket 5: 80%
  bucket 5: 90%
  bucket 5: 100%
  Sorting block of length 40591 for bucket 5
  (Using difference cover)
  Sorting block time: 00:00:00
Returning block of 40592 for bucket 5
Getting block 6 of 6
  Reserving size (43166) for bucket 6
  Calculating Z arrays for bucket 6
  Entering block accumulator loop for bucket 6:
  bucket 6: 10%
  bucket 6: 20%
  bucket 6: 30%
  bucket 6: 40%
  bucket 6: 50%
  bucket 6: 60%
  bucket 6: 70%
  bucket 6: 80%
  bucket 6: 90%
  bucket 6: 100%
  Sorting block of length 34582 for bucket 6
  (Using difference cover)
  Sorting block time: 00:00:00
Returning block of 34583 for bucket 6
Exited GFM loop
fchr[A]: 0
fchr[C]: 69836
fchr[G]: 114477
fchr[T]: 160243
fchr[$]: 230218
Exiting GFM::buildToDisk()
Returning from initFromVector
Wrote 4271287 bytes to primary GFM file: hisat_build.1.ht2
Wrote 57560 bytes to secondary GFM file: hisat_build.2.ht2
Re-opening _in1 and _in2 as input streams
Returning from GFM constructor
Returning from initFromVector
Wrote 108613 bytes to primary GFM file: hisat_build.5.ht2
Wrote 58592 bytes to secondary GFM file: hisat_build.6.ht2
Re-opening _in5 and _in5 as input streams
Returning from HGFM constructor
Headers:
    len: 230218
    gbwtLen: 230219
    nodes: 230219
    sz: 57555
    gbwtSz: 57555
    lineRate: 6
    offRate: 4
    offMask: 0xfffffff0
    ftabChars: 10
    eftabLen: 0
    eftabSz: 0
    ftabLen: 1048577
    ftabSz: 4194308
    offsLen: 14389
    offsSz: 57556
    lineSz: 64
    sideSz: 64
    sideGbwtSz: 48
    sideGbwtLen: 192
    numSides: 1200
    numLines: 1200
    gbwtTotLen: 76800
    gbwtTotSz: 76800
    reverse: 0
    linearFM: Yes
Total time for call to driver() for forward index: 00:00:01
nxf-11lUAdPZn9VrxrE2t0uKufI1
